c:\users\blast\source\repos\kameiros\x64\release\abstractview.obj
c:\users\blast\source\repos\kameiros\x64\release\houseview.obj
c:\users\blast\source\repos\kameiros\x64\release\movefiguredecoratorfactory.obj
c:\users\blast\source\repos\kameiros\x64\release\abstractmodel.obj
c:\users\blast\source\repos\kameiros\x64\release\handlechangepointfigure.obj
c:\users\blast\source\repos\kameiros\x64\release\icontroller.obj
c:\users\blast\source\repos\kameiros\x64\release\movefigureviewdecorator.obj
c:\users\blast\source\repos\kameiros\x64\release\editfigureviewdecorator.obj
c:\users\blast\source\repos\kameiros\x64\release\iview.obj
c:\users\blast\source\repos\kameiros\x64\release\mainwindow.obj
c:\users\blast\source\repos\kameiros\x64\release\editfiguredecoratorfactory.obj
c:\users\blast\source\repos\kameiros\x64\release\housemodel.obj
c:\users\blast\source\repos\kameiros\x64\release\main.obj
c:\users\blast\source\repos\kameiros\x64\release\qcityview2d.obj
c:\users\blast\source\repos\kameiros\x64\release\changefigurecontrollerdecorator.obj
c:\users\blast\source\repos\kameiros\x64\release\moc_changefigurecontrollerdecorator.obj
c:\users\blast\source\repos\kameiros\x64\release\moc_housemodel.obj
c:\users\blast\source\repos\kameiros\x64\release\moc_qcityview2d.obj
c:\users\blast\source\repos\kameiros\x64\release\abstractcontroller.obj
c:\users\blast\source\repos\kameiros\x64\release\moc_editfigurecontrollerdecorator.obj
c:\users\blast\source\repos\kameiros\x64\release\moc_icontroller.obj
c:\users\blast\source\repos\kameiros\x64\release\editfigurecontrollerdecorator.obj
c:\users\blast\source\repos\kameiros\x64\release\housecontroller.obj
c:\users\blast\source\repos\kameiros\x64\release\moc_abstractmodel.obj
c:\users\blast\source\repos\kameiros\x64\release\moc_mainwindow.obj
c:\users\blast\source\repos\kameiros\x64\release\idecorator.obj
c:\users\blast\source\repos\kameiros\x64\release\movefigurecontrollerdecorator.obj
c:\users\blast\source\repos\kameiros\x64\release\moc_abstractcontroller.obj
c:\users\blast\source\repos\kameiros\x64\release\moc_housecontroller.obj
c:\users\blast\source\repos\kameiros\x64\release\moc_movefigurecontrollerdecorator.obj
c:\users\blast\source\repos\kameiros\x64\release\moc_handlechangepointfigure.obj
c:\users\blast\source\repos\kameiros\release\moc_predefs.h
c:\users\blast\source\repos\kameiros\generatedfiles\release\moc_abstractcontroller.cpp
c:\users\blast\source\repos\kameiros\generatedfiles\release\moc_abstractmodel.cpp
c:\users\blast\source\repos\kameiros\generatedfiles\release\moc_changefigurecontrollerdecorator.cpp
c:\users\blast\source\repos\kameiros\generatedfiles\release\moc_editfigurecontrollerdecorator.cpp
c:\users\blast\source\repos\kameiros\generatedfiles\release\moc_handlechangepointfigure.cpp
c:\users\blast\source\repos\kameiros\generatedfiles\release\moc_housecontroller.cpp
c:\users\blast\source\repos\kameiros\generatedfiles\release\moc_housemodel.cpp
c:\users\blast\source\repos\kameiros\generatedfiles\release\moc_icontroller.cpp
c:\users\blast\source\repos\kameiros\generatedfiles\release\moc_mainwindow.cpp
c:\users\blast\source\repos\kameiros\generatedfiles\release\moc_movefigurecontrollerdecorator.cpp
c:\users\blast\source\repos\kameiros\generatedfiles\release\moc_qcityview2d.cpp
c:\users\blast\source\repos\kameiros\generatedfiles\ui_mainwindow.h
c:\users\blast\source\repos\kameiros\x64\release\kameiros.tlog\cl.command.1.tlog
c:\users\blast\source\repos\kameiros\x64\release\kameiros.tlog\cl.read.1.tlog
c:\users\blast\source\repos\kameiros\x64\release\kameiros.tlog\cl.write.1.tlog
c:\users\blast\source\repos\kameiros\x64\release\kameiros.tlog\custombuild.command.1.tlog
c:\users\blast\source\repos\kameiros\x64\release\kameiros.tlog\custombuild.read.1.tlog
c:\users\blast\source\repos\kameiros\x64\release\kameiros.tlog\custombuild.write.1.tlog
c:\users\blast\source\repos\kameiros\x64\release\kameiros.tlog\kameiros.write.1u.tlog
c:\users\blast\source\repos\kameiros\x64\release\kameiros.tlog\link-cvtres.read.1.tlog
c:\users\blast\source\repos\kameiros\x64\release\kameiros.tlog\link-cvtres.write.1.tlog
c:\users\blast\source\repos\kameiros\x64\release\kameiros.tlog\link-rc.read.1.tlog
c:\users\blast\source\repos\kameiros\x64\release\kameiros.tlog\link-rc.write.1.tlog
c:\users\blast\source\repos\kameiros\x64\release\kameiros.tlog\link.command.1.tlog
c:\users\blast\source\repos\kameiros\x64\release\kameiros.tlog\link.read.1.tlog
c:\users\blast\source\repos\kameiros\x64\release\kameiros.tlog\link.write.1.tlog
